<?xml version="1.0" encoding="UTF-8"?>
<testng-results ignored="0" total="1" passed="1" failed="0" skipped="0">
  <reporter-output>
  </reporter-output>
  <suite started-at="2025-09-12T12:39:39 IST" name="Surefire suite" finished-at="2025-09-12T12:39:45 IST" duration-ms="6651">
    <groups>
    </groups>
    <test started-at="2025-09-12T12:39:39 IST" name="Surefire test" finished-at="2025-09-12T12:39:45 IST" duration-ms="6651">
      <class name="com.example.tests.LoginTest">
        <test-method is-config="true" signature="setUp()[pri:0, instance:com.example.tests.LoginTest@5ad851c9]" started-at="2025-09-12T12:39:39 IST" name="setUp" finished-at="2025-09-12T12:39:45 IST" duration-ms="6368" status="PASS">
          <reporter-output>
          </reporter-output>
        </test-method> <!-- setUp -->
        <test-method signature="verifyLoginPageTitle()[pri:0, instance:com.example.tests.LoginTest@5ad851c9]" started-at="2025-09-12T12:39:45 IST" name="verifyLoginPageTitle" finished-at="2025-09-12T12:39:45 IST" duration-ms="20" status="PASS">
          <reporter-output>
          </reporter-output>
        </test-method> <!-- verifyLoginPageTitle -->
        <test-method is-config="true" signature="tearDown()[pri:0, instance:com.example.tests.LoginTest@5ad851c9]" started-at="2025-09-12T12:39:45 IST" name="tearDown" finished-at="2025-09-12T12:39:45 IST" duration-ms="215" status="PASS">
          <reporter-output>
          </reporter-output>
        </test-method> <!-- tearDown -->
      </class> <!-- com.example.tests.LoginTest -->
    </test> <!-- Surefire test -->
  </suite> <!-- Surefire suite -->
</testng-results>
