<?xml version="1.0" encoding="UTF-8"?>
<testng-results ignored="0" total="2" passed="2" failed="0" skipped="0">
  <reporter-output>
  </reporter-output>
  <suite started-at="2025-09-13T22:23:07 IST" name="Default suite" finished-at="2025-09-13T22:23:14 IST" duration-ms="7496">
    <groups>
    </groups>
    <test started-at="2025-09-13T22:23:07 IST" name="Default test" finished-at="2025-09-13T22:23:14 IST" duration-ms="7496">
      <class name="com.example.tests.LoginTest">
        <test-method is-config="true" signature="setUp()[pri:0, instance:com.example.tests.LoginTest@1568159]" started-at="2025-09-13T22:23:07 IST" name="setUp" finished-at="2025-09-13T22:23:12 IST" duration-ms="4878" status="PASS">
          <reporter-output>
          </reporter-output>
        </test-method> <!-- setUp -->
        <test-method signature="verifyLoginPageTitle()[pri:1, instance:com.example.tests.LoginTest@1568159]" started-at="2025-09-13T22:23:12 IST" name="verifyLoginPageTitle" finished-at="2025-09-13T22:23:12 IST" duration-ms="578" status="PASS">
          <reporter-output>
          </reporter-output>
        </test-method> <!-- verifyLoginPageTitle -->
        <test-method signature="performLoginTest()[pri:2, instance:com.example.tests.LoginTest@1568159]" started-at="2025-09-13T22:23:12 IST" name="performLoginTest" finished-at="2025-09-13T22:23:14 IST" duration-ms="1867" status="PASS">
          <reporter-output>
          </reporter-output>
        </test-method> <!-- performLoginTest -->
        <test-method is-config="true" signature="tearDown()[pri:0, instance:com.example.tests.LoginTest@1568159]" started-at="2025-09-13T22:23:14 IST" name="tearDown" finished-at="2025-09-13T22:23:14 IST" duration-ms="123" status="PASS">
          <reporter-output>
          </reporter-output>
        </test-method> <!-- tearDown -->
      </class> <!-- com.example.tests.LoginTest -->
    </test> <!-- Default test -->
  </suite> <!-- Default suite -->
</testng-results>
